Terminals unused in grammar

    TOKENS_START
    '('
    ')'
    '{'
    '}'
    TOKENS_END
    '='
    UMINUS
    UOPNOT


Grammar

    0 $accept: start $end

    1 start: program

    2 program: statement

    3 statement: %empty
    4          | _SEPARATOR statement
    5          | ident ':' _SEPARATOR statement
    6          | ident ':' _ARRAYTYPE operand ',' _BYTEARRAYTYPE ',' operand _SEPARATOR statement
    7          | ident ':' _ARRAYTYPE operand ',' _WORDARRAYTYPE ',' operand _SEPARATOR statement
    8          | ident ':' _ARRAYTYPE operand ',' _LONGARRAYTYPE ',' operand _SEPARATOR statement
    9          | ident ':' _ARRAYTYPE operand ',' _DOUBLEARRAYTYPE ',' operand _SEPARATOR statement
   10          | ident ':' _ARRAYTYPE operand ',' _ASCIIARRAYTYPE ',' operand _SEPARATOR statement
   11          | ident ':' _WORDTYPE iconst _SEPARATOR statement
   12          | ident ':' _LONGTYPE iconst _SEPARATOR statement
   13          | ident ':' _DOUBLETYPE dconst _SEPARATOR statement
   14          | ident ':' _BYTETYPE cconst _SEPARATOR statement
   15          | ident ':' _ASCIITYPE sconst _SEPARATOR statement
   16          | ident _IS binop _SEPARATOR statement
   17          | ident _IS operand _SEPARATOR statement
   18          | ident _IS unops _SEPARATOR statement
   19          | ident _IS arrunops _SEPARATOR statement
   20          | ident _IS arrayelement _SEPARATOR statement
   21          | arrayelement _IS unops _SEPARATOR statement
   22          | arrayelement _IS operand _SEPARATOR statement
   23          | tident _IS binop _SEPARATOR statement
   24          | tident _IS operand _SEPARATOR statement
   25          | tident _IS unops _SEPARATOR statement
   26          | tident _IS arrunops _SEPARATOR statement
   27          | tident _IS arrayelement _SEPARATOR statement
   28          | _PUTPARAM operand _SEPARATOR statement
   29          | _PUTPARAM arrayelement _SEPARATOR statement
   30          | _CALL wfunc ',' iconst _SEPARATOR statement
   31          | tident _IS _CALL rfunc ',' iconst _SEPARATOR statement
   32          | ident _IS _CALL rfunc ',' iconst _SEPARATOR statement
   33          | tident _IS _CALL convfunc ',' iconst _SEPARATOR statement
   34          | ident _IS _CALL convfunc ',' iconst _SEPARATOR statement
   35          | tident _IS _CALL ident ',' iconst _SEPARATOR statement
   36          | ident _IS _CALL ident ',' iconst _SEPARATOR statement
   37          | _CALL ident ',' iconst _SEPARATOR statement
   38          | _GOTO ident _SEPARATOR statement
   39          | _GETPARAM ident _SEPARATOR statement
   40          | _GETPARAM tident _SEPARATOR statement
   41          | _GETPARAM arrayelement _SEPARATOR statement
   42          | _RETURN operand _SEPARATOR statement
   43          | _RETURN arrayelement _SEPARATOR statement
   44          | _IFFALSE ident _GOTO ident _SEPARATOR statement
   45          | _IFTRUE ident _GOTO ident _SEPARATOR statement
   46          | _IFFALSE tident _GOTO ident _SEPARATOR statement
   47          | _IFTRUE tident _GOTO ident _SEPARATOR statement
   48          | _IFFALSE arrayelement _GOTO ident _SEPARATOR statement
   49          | _IFTRUE arrayelement _GOTO ident _SEPARATOR statement

   50 binop: operand '+' operand
   51      | operand '-' operand
   52      | operand '*' operand
   53      | operand '/' operand
   54      | operand '%' operand
   55      | operand '>' operand
   56      | operand '<' operand
   57      | operand '^' operand
   58      | operand _GEQ operand
   59      | operand _LEQ operand
   60      | operand _EQ operand
   61      | operand _NEQ operand
   62      | operand _AND operand
   63      | operand _OR operand

   64 unops: '-' operand
   65      | '!' operand

   66 arrunops: '-' arrayelement
   67         | '!' arrayelement

   68 convfunc: _TOASCII
   69         | _TOBYTE
   70         | _TODOUBLE
   71         | _TOLONG
   72         | _TOWORD

   73 wfunc: _IWRITE
   74      | _FWRITE
   75      | _CWRITE
   76      | _SWRITE

   77 rfunc: _IREAD
   78      | _FREAD
   79      | _CREAD
   80      | _SREAD

   81 arrayelement: ident '[' iconst ']'
   82             | ident '[' ident ']'
   83             | ident '[' tident ']'

   84 ident: _ID

   85 tident: _IDTEMP

   86 iconst: _ICONST

   87 dconst: _DCONST
   88       | _DCONSTE

   89 cconst: _CCONST

   90 sconst: _SCONST

   91 operand: ident
   92        | tident
   93        | _CCONST
   94        | _SCONST
   95        | _ICONST
   96        | _DCONST
   97        | _DCONSTE


Terminals, with rules where they appear

    $end (0) 0
    '!' (33) 65 67
    '%' (37) 54
    '(' (40)
    ')' (41)
    '*' (42) 52
    '+' (43) 50
    ',' (44) 6 7 8 9 10 30 31 32 33 34 35 36 37
    '-' (45) 51 64 66
    '/' (47) 53
    ':' (58) 5 6 7 8 9 10 11 12 13 14 15
    '<' (60) 56
    '=' (61)
    '>' (62) 55
    '[' (91) 81 82 83
    ']' (93) 81 82 83
    '^' (94) 57
    '{' (123)
    '}' (125)
    error (256)
    TOKENS_START (258)
    _ID (259) 84
    _IDTEMP (260) 85
    _DCONST (261) 87 96
    _DCONSTE (262) 88 97
    _ICONST (263) 86 95
    _CCONST (264) 89 93
    _SCONST (265) 90 94
    _ARRAYTYPE (266) 6 7 8 9 10
    _BYTETYPE (267) 14
    _WORDTYPE (268) 11
    _LONGTYPE (269) 12
    _DOUBLETYPE (270) 13
    _ASCIITYPE (271) 15
    _BYTEARRAYTYPE (272) 6
    _WORDARRAYTYPE (273) 7
    _LONGARRAYTYPE (274) 8
    _DOUBLEARRAYTYPE (275) 9
    _ASCIIARRAYTYPE (276) 10
    _TOASCII (277) 68
    _TOBYTE (278) 69
    _TOWORD (279) 72
    _TOLONG (280) 71
    _TODOUBLE (281) 70
    _IFTRUE (282) 45 47 49
    _IFFALSE (283) 44 46 48
    _GOTO (284) 38 44 45 46 47 48 49
    _PUTPARAM (285) 28 29
    _GETPARAM (286) 39 40 41
    _CALL (287) 30 31 32 33 34 35 36 37
    _RETURN (288) 42 43
    _IWRITE (289) 73
    _FWRITE (290) 74
    _CWRITE (291) 75
    _SWRITE (292) 76
    _IREAD (293) 77
    _FREAD (294) 78
    _CREAD (295) 79
    _SREAD (296) 80
    _SEPARATOR (297) 4 5 6 7 8 9 10 11 12 13 14 15 16 17 18 19 20 21 22 23 24 25 26 27 28 29 30 31 32 33 34 35 36 37 38 39 40 41 42 43 44 45 46 47 48 49
    TOKENS_END (298)
    _EQ (299) 60
    _NEQ (300) 61
    _GEQ (301) 58
    _LEQ (302) 59
    _AND (303) 62
    _OR (304) 63
    _IS (305) 16 17 18 19 20 21 22 23 24 25 26 27 31 32 33 34 35 36
    UMINUS (306)
    UOPNOT (307)


Nonterminals, with rules where they appear

    $accept (71)
        on left: 0
    start (72)
        on left: 1
        on right: 0
    program (73)
        on left: 2
        on right: 1
    statement (74)
        on left: 3 4 5 6 7 8 9 10 11 12 13 14 15 16 17 18 19 20 21 22 23 24 25 26 27 28 29 30 31 32 33 34 35 36 37 38 39 40 41 42 43 44 45 46 47 48 49
        on right: 2 4 5 6 7 8 9 10 11 12 13 14 15 16 17 18 19 20 21 22 23 24 25 26 27 28 29 30 31 32 33 34 35 36 37 38 39 40 41 42 43 44 45 46 47 48 49
    binop (75)
        on left: 50 51 52 53 54 55 56 57 58 59 60 61 62 63
        on right: 16 23
    unops (76)
        on left: 64 65
        on right: 18 21 25
    arrunops (77)
        on left: 66 67
        on right: 19 26
    convfunc (78)
        on left: 68 69 70 71 72
        on right: 33 34
    wfunc (79)
        on left: 73 74 75 76
        on right: 30
    rfunc (80)
        on left: 77 78 79 80
        on right: 31 32
    arrayelement (81)
        on left: 81 82 83
        on right: 20 21 22 27 29 41 43 48 49 66 67
    ident (82)
        on left: 84
        on right: 5 6 7 8 9 10 11 12 13 14 15 16 17 18 19 20 32 34 35 36 37 38 39 44 45 46 47 48 49 81 82 83 91
    tident (83)
        on left: 85
        on right: 23 24 25 26 27 31 33 35 40 46 47 83 92
    iconst (84)
        on left: 86
        on right: 11 12 30 31 32 33 34 35 36 37 81
    dconst (85)
        on left: 87 88
        on right: 13
    cconst (86)
        on left: 89
        on right: 14
    sconst (87)
        on left: 90
        on right: 15
    operand (88)
        on left: 91 92 93 94 95 96 97
        on right: 6 7 8 9 10 17 22 24 28 42 50 51 52 53 54 55 56 57 58 59 60 61 62 63 64 65


State 0

    0 $accept: • start $end

    _ID         shift, and go to state 1
    _IDTEMP     shift, and go to state 2
    _IFTRUE     shift, and go to state 3
    _IFFALSE    shift, and go to state 4
    _GOTO       shift, and go to state 5
    _PUTPARAM   shift, and go to state 6
    _GETPARAM   shift, and go to state 7
    _CALL       shift, and go to state 8
    _RETURN     shift, and go to state 9
    _SEPARATOR  shift, and go to state 10

    $default  reduce using rule 3 (statement)

    start         go to state 11
    program       go to state 12
    statement     go to state 13
    arrayelement  go to state 14
    ident         go to state 15
    tident        go to state 16


State 1

   84 ident: _ID •

    $default  reduce using rule 84 (ident)


State 2

   85 tident: _IDTEMP •

    $default  reduce using rule 85 (tident)


State 3

   45 statement: _IFTRUE • ident _GOTO ident _SEPARATOR statement
   47          | _IFTRUE • tident _GOTO ident _SEPARATOR statement
   49          | _IFTRUE • arrayelement _GOTO ident _SEPARATOR statement

    _ID      shift, and go to state 1
    _IDTEMP  shift, and go to state 2

    arrayelement  go to state 17
    ident         go to state 18
    tident        go to state 19


State 4

   44 statement: _IFFALSE • ident _GOTO ident _SEPARATOR statement
   46          | _IFFALSE • tident _GOTO ident _SEPARATOR statement
   48          | _IFFALSE • arrayelement _GOTO ident _SEPARATOR statement

    _ID      shift, and go to state 1
    _IDTEMP  shift, and go to state 2

    arrayelement  go to state 20
    ident         go to state 21
    tident        go to state 22


State 5

   38 statement: _GOTO • ident _SEPARATOR statement

    _ID  shift, and go to state 1

    ident  go to state 23


State 6

   28 statement: _PUTPARAM • operand _SEPARATOR statement
   29          | _PUTPARAM • arrayelement _SEPARATOR statement

    _ID       shift, and go to state 1
    _IDTEMP   shift, and go to state 2
    _DCONST   shift, and go to state 24
    _DCONSTE  shift, and go to state 25
    _ICONST   shift, and go to state 26
    _CCONST   shift, and go to state 27
    _SCONST   shift, and go to state 28

    arrayelement  go to state 29
    ident         go to state 30
    tident        go to state 31
    operand       go to state 32


State 7

   39 statement: _GETPARAM • ident _SEPARATOR statement
   40          | _GETPARAM • tident _SEPARATOR statement
   41          | _GETPARAM • arrayelement _SEPARATOR statement

    _ID      shift, and go to state 1
    _IDTEMP  shift, and go to state 2

    arrayelement  go to state 33
    ident         go to state 34
    tident        go to state 35


State 8

   30 statement: _CALL • wfunc ',' iconst _SEPARATOR statement
   37          | _CALL • ident ',' iconst _SEPARATOR statement

    _ID      shift, and go to state 1
    _IWRITE  shift, and go to state 36
    _FWRITE  shift, and go to state 37
    _CWRITE  shift, and go to state 38
    _SWRITE  shift, and go to state 39

    wfunc  go to state 40
    ident  go to state 41


State 9

   42 statement: _RETURN • operand _SEPARATOR statement
   43          | _RETURN • arrayelement _SEPARATOR statement

    _ID       shift, and go to state 1
    _IDTEMP   shift, and go to state 2
    _DCONST   shift, and go to state 24
    _DCONSTE  shift, and go to state 25
    _ICONST   shift, and go to state 26
    _CCONST   shift, and go to state 27
    _SCONST   shift, and go to state 28

    arrayelement  go to state 42
    ident         go to state 30
    tident        go to state 31
    operand       go to state 43


State 10

    4 statement: _SEPARATOR • statement

    _ID         shift, and go to state 1
    _IDTEMP     shift, and go to state 2
    _IFTRUE     shift, and go to state 3
    _IFFALSE    shift, and go to state 4
    _GOTO       shift, and go to state 5
    _PUTPARAM   shift, and go to state 6
    _GETPARAM   shift, and go to state 7
    _CALL       shift, and go to state 8
    _RETURN     shift, and go to state 9
    _SEPARATOR  shift, and go to state 10

    $default  reduce using rule 3 (statement)

    statement     go to state 44
    arrayelement  go to state 14
    ident         go to state 15
    tident        go to state 16


State 11

    0 $accept: start • $end

    $end  shift, and go to state 45


State 12

    1 start: program •

    $default  reduce using rule 1 (start)


State 13

    2 program: statement •

    $default  reduce using rule 2 (program)


State 14

   21 statement: arrayelement • _IS unops _SEPARATOR statement
   22          | arrayelement • _IS operand _SEPARATOR statement

    _IS  shift, and go to state 46


State 15

    5 statement: ident • ':' _SEPARATOR statement
    6          | ident • ':' _ARRAYTYPE operand ',' _BYTEARRAYTYPE ',' operand _SEPARATOR statement
    7          | ident • ':' _ARRAYTYPE operand ',' _WORDARRAYTYPE ',' operand _SEPARATOR statement
    8          | ident • ':' _ARRAYTYPE operand ',' _LONGARRAYTYPE ',' operand _SEPARATOR statement
    9          | ident • ':' _ARRAYTYPE operand ',' _DOUBLEARRAYTYPE ',' operand _SEPARATOR statement
   10          | ident • ':' _ARRAYTYPE operand ',' _ASCIIARRAYTYPE ',' operand _SEPARATOR statement
   11          | ident • ':' _WORDTYPE iconst _SEPARATOR statement
   12          | ident • ':' _LONGTYPE iconst _SEPARATOR statement
   13          | ident • ':' _DOUBLETYPE dconst _SEPARATOR statement
   14          | ident • ':' _BYTETYPE cconst _SEPARATOR statement
   15          | ident • ':' _ASCIITYPE sconst _SEPARATOR statement
   16          | ident • _IS binop _SEPARATOR statement
   17          | ident • _IS operand _SEPARATOR statement
   18          | ident • _IS unops _SEPARATOR statement
   19          | ident • _IS arrunops _SEPARATOR statement
   20          | ident • _IS arrayelement _SEPARATOR statement
   32          | ident • _IS _CALL rfunc ',' iconst _SEPARATOR statement
   34          | ident • _IS _CALL convfunc ',' iconst _SEPARATOR statement
   36          | ident • _IS _CALL ident ',' iconst _SEPARATOR statement
   81 arrayelement: ident • '[' iconst ']'
   82             | ident • '[' ident ']'
   83             | ident • '[' tident ']'

    ':'  shift, and go to state 47
    '['  shift, and go to state 48
    _IS  shift, and go to state 49


State 16

   23 statement: tident • _IS binop _SEPARATOR statement
   24          | tident • _IS operand _SEPARATOR statement
   25          | tident • _IS unops _SEPARATOR statement
   26          | tident • _IS arrunops _SEPARATOR statement
   27          | tident • _IS arrayelement _SEPARATOR statement
   31          | tident • _IS _CALL rfunc ',' iconst _SEPARATOR statement
   33          | tident • _IS _CALL convfunc ',' iconst _SEPARATOR statement
   35          | tident • _IS _CALL ident ',' iconst _SEPARATOR statement

    _IS  shift, and go to state 50


State 17

   49 statement: _IFTRUE arrayelement • _GOTO ident _SEPARATOR statement

    _GOTO  shift, and go to state 51


State 18

   45 statement: _IFTRUE ident • _GOTO ident _SEPARATOR statement
   81 arrayelement: ident • '[' iconst ']'
   82             | ident • '[' ident ']'
   83             | ident • '[' tident ']'

    '['    shift, and go to state 48
    _GOTO  shift, and go to state 52


State 19

   47 statement: _IFTRUE tident • _GOTO ident _SEPARATOR statement

    _GOTO  shift, and go to state 53


State 20

   48 statement: _IFFALSE arrayelement • _GOTO ident _SEPARATOR statement

    _GOTO  shift, and go to state 54


State 21

   44 statement: _IFFALSE ident • _GOTO ident _SEPARATOR statement
   81 arrayelement: ident • '[' iconst ']'
   82             | ident • '[' ident ']'
   83             | ident • '[' tident ']'

    '['    shift, and go to state 48
    _GOTO  shift, and go to state 55


State 22

   46 statement: _IFFALSE tident • _GOTO ident _SEPARATOR statement

    _GOTO  shift, and go to state 56


State 23

   38 statement: _GOTO ident • _SEPARATOR statement

    _SEPARATOR  shift, and go to state 57


State 24

   96 operand: _DCONST •

    $default  reduce using rule 96 (operand)


State 25

   97 operand: _DCONSTE •

    $default  reduce using rule 97 (operand)


State 26

   95 operand: _ICONST •

    $default  reduce using rule 95 (operand)


State 27

   93 operand: _CCONST •

    $default  reduce using rule 93 (operand)


State 28

   94 operand: _SCONST •

    $default  reduce using rule 94 (operand)


State 29

   29 statement: _PUTPARAM arrayelement • _SEPARATOR statement

    _SEPARATOR  shift, and go to state 58


State 30

   81 arrayelement: ident • '[' iconst ']'
   82             | ident • '[' ident ']'
   83             | ident • '[' tident ']'
   91 operand: ident •

    '['  shift, and go to state 48

    $default  reduce using rule 91 (operand)


State 31

   92 operand: tident •

    $default  reduce using rule 92 (operand)


State 32

   28 statement: _PUTPARAM operand • _SEPARATOR statement

    _SEPARATOR  shift, and go to state 59


State 33

   41 statement: _GETPARAM arrayelement • _SEPARATOR statement

    _SEPARATOR  shift, and go to state 60


State 34

   39 statement: _GETPARAM ident • _SEPARATOR statement
   81 arrayelement: ident • '[' iconst ']'
   82             | ident • '[' ident ']'
   83             | ident • '[' tident ']'

    '['         shift, and go to state 48
    _SEPARATOR  shift, and go to state 61


State 35

   40 statement: _GETPARAM tident • _SEPARATOR statement

    _SEPARATOR  shift, and go to state 62


State 36

   73 wfunc: _IWRITE •

    $default  reduce using rule 73 (wfunc)


State 37

   74 wfunc: _FWRITE •

    $default  reduce using rule 74 (wfunc)


State 38

   75 wfunc: _CWRITE •

    $default  reduce using rule 75 (wfunc)


State 39

   76 wfunc: _SWRITE •

    $default  reduce using rule 76 (wfunc)


State 40

   30 statement: _CALL wfunc • ',' iconst _SEPARATOR statement

    ','  shift, and go to state 63


State 41

   37 statement: _CALL ident • ',' iconst _SEPARATOR statement

    ','  shift, and go to state 64


State 42

   43 statement: _RETURN arrayelement • _SEPARATOR statement

    _SEPARATOR  shift, and go to state 65


State 43

   42 statement: _RETURN operand • _SEPARATOR statement

    _SEPARATOR  shift, and go to state 66


State 44

    4 statement: _SEPARATOR statement •

    $default  reduce using rule 4 (statement)


State 45

    0 $accept: start $end •

    $default  accept


State 46

   21 statement: arrayelement _IS • unops _SEPARATOR statement
   22          | arrayelement _IS • operand _SEPARATOR statement

    _ID       shift, and go to state 1
    _IDTEMP   shift, and go to state 2
    _DCONST   shift, and go to state 24
    _DCONSTE  shift, and go to state 25
    _ICONST   shift, and go to state 26
    _CCONST   shift, and go to state 27
    _SCONST   shift, and go to state 28
    '!'       shift, and go to state 67
    '-'       shift, and go to state 68

    unops    go to state 69
    ident    go to state 70
    tident   go to state 31
    operand  go to state 71


State 47

    5 statement: ident ':' • _SEPARATOR statement
    6          | ident ':' • _ARRAYTYPE operand ',' _BYTEARRAYTYPE ',' operand _SEPARATOR statement
    7          | ident ':' • _ARRAYTYPE operand ',' _WORDARRAYTYPE ',' operand _SEPARATOR statement
    8          | ident ':' • _ARRAYTYPE operand ',' _LONGARRAYTYPE ',' operand _SEPARATOR statement
    9          | ident ':' • _ARRAYTYPE operand ',' _DOUBLEARRAYTYPE ',' operand _SEPARATOR statement
   10          | ident ':' • _ARRAYTYPE operand ',' _ASCIIARRAYTYPE ',' operand _SEPARATOR statement
   11          | ident ':' • _WORDTYPE iconst _SEPARATOR statement
   12          | ident ':' • _LONGTYPE iconst _SEPARATOR statement
   13          | ident ':' • _DOUBLETYPE dconst _SEPARATOR statement
   14          | ident ':' • _BYTETYPE cconst _SEPARATOR statement
   15          | ident ':' • _ASCIITYPE sconst _SEPARATOR statement

    _ARRAYTYPE   shift, and go to state 72
    _BYTETYPE    shift, and go to state 73
    _WORDTYPE    shift, and go to state 74
    _LONGTYPE    shift, and go to state 75
    _DOUBLETYPE  shift, and go to state 76
    _ASCIITYPE   shift, and go to state 77
    _SEPARATOR   shift, and go to state 78


State 48

   81 arrayelement: ident '[' • iconst ']'
   82             | ident '[' • ident ']'
   83             | ident '[' • tident ']'

    _ID      shift, and go to state 1
    _IDTEMP  shift, and go to state 2
    _ICONST  shift, and go to state 79

    ident   go to state 80
    tident  go to state 81
    iconst  go to state 82


State 49

   16 statement: ident _IS • binop _SEPARATOR statement
   17          | ident _IS • operand _SEPARATOR statement
   18          | ident _IS • unops _SEPARATOR statement
   19          | ident _IS • arrunops _SEPARATOR statement
   20          | ident _IS • arrayelement _SEPARATOR statement
   32          | ident _IS • _CALL rfunc ',' iconst _SEPARATOR statement
   34          | ident _IS • _CALL convfunc ',' iconst _SEPARATOR statement
   36          | ident _IS • _CALL ident ',' iconst _SEPARATOR statement

    _ID       shift, and go to state 1
    _IDTEMP   shift, and go to state 2
    _DCONST   shift, and go to state 24
    _DCONSTE  shift, and go to state 25
    _ICONST   shift, and go to state 26
    _CCONST   shift, and go to state 27
    _SCONST   shift, and go to state 28
    _CALL     shift, and go to state 83
    '!'       shift, and go to state 84
    '-'       shift, and go to state 85

    binop         go to state 86
    unops         go to state 87
    arrunops      go to state 88
    arrayelement  go to state 89
    ident         go to state 30
    tident        go to state 31
    operand       go to state 90


State 50

   23 statement: tident _IS • binop _SEPARATOR statement
   24          | tident _IS • operand _SEPARATOR statement
   25          | tident _IS • unops _SEPARATOR statement
   26          | tident _IS • arrunops _SEPARATOR statement
   27          | tident _IS • arrayelement _SEPARATOR statement
   31          | tident _IS • _CALL rfunc ',' iconst _SEPARATOR statement
   33          | tident _IS • _CALL convfunc ',' iconst _SEPARATOR statement
   35          | tident _IS • _CALL ident ',' iconst _SEPARATOR statement

    _ID       shift, and go to state 1
    _IDTEMP   shift, and go to state 2
    _DCONST   shift, and go to state 24
    _DCONSTE  shift, and go to state 25
    _ICONST   shift, and go to state 26
    _CCONST   shift, and go to state 27
    _SCONST   shift, and go to state 28
    _CALL     shift, and go to state 91
    '!'       shift, and go to state 84
    '-'       shift, and go to state 85

    binop         go to state 92
    unops         go to state 93
    arrunops      go to state 94
    arrayelement  go to state 95
    ident         go to state 30
    tident        go to state 31
    operand       go to state 96


State 51

   49 statement: _IFTRUE arrayelement _GOTO • ident _SEPARATOR statement

    _ID  shift, and go to state 1

    ident  go to state 97


State 52

   45 statement: _IFTRUE ident _GOTO • ident _SEPARATOR statement

    _ID  shift, and go to state 1

    ident  go to state 98


State 53

   47 statement: _IFTRUE tident _GOTO • ident _SEPARATOR statement

    _ID  shift, and go to state 1

    ident  go to state 99


State 54

   48 statement: _IFFALSE arrayelement _GOTO • ident _SEPARATOR statement

    _ID  shift, and go to state 1

    ident  go to state 100


State 55

   44 statement: _IFFALSE ident _GOTO • ident _SEPARATOR statement

    _ID  shift, and go to state 1

    ident  go to state 101


State 56

   46 statement: _IFFALSE tident _GOTO • ident _SEPARATOR statement

    _ID  shift, and go to state 1

    ident  go to state 102


State 57

   38 statement: _GOTO ident _SEPARATOR • statement

    _ID         shift, and go to state 1
    _IDTEMP     shift, and go to state 2
    _IFTRUE     shift, and go to state 3
    _IFFALSE    shift, and go to state 4
    _GOTO       shift, and go to state 5
    _PUTPARAM   shift, and go to state 6
    _GETPARAM   shift, and go to state 7
    _CALL       shift, and go to state 8
    _RETURN     shift, and go to state 9
    _SEPARATOR  shift, and go to state 10

    $default  reduce using rule 3 (statement)

    statement     go to state 103
    arrayelement  go to state 14
    ident         go to state 15
    tident        go to state 16


State 58

   29 statement: _PUTPARAM arrayelement _SEPARATOR • statement

    _ID         shift, and go to state 1
    _IDTEMP     shift, and go to state 2
    _IFTRUE     shift, and go to state 3
    _IFFALSE    shift, and go to state 4
    _GOTO       shift, and go to state 5
    _PUTPARAM   shift, and go to state 6
    _GETPARAM   shift, and go to state 7
    _CALL       shift, and go to state 8
    _RETURN     shift, and go to state 9
    _SEPARATOR  shift, and go to state 10

    $default  reduce using rule 3 (statement)

    statement     go to state 104
    arrayelement  go to state 14
    ident         go to state 15
    tident        go to state 16


State 59

   28 statement: _PUTPARAM operand _SEPARATOR • statement

    _ID         shift, and go to state 1
    _IDTEMP     shift, and go to state 2
    _IFTRUE     shift, and go to state 3
    _IFFALSE    shift, and go to state 4
    _GOTO       shift, and go to state 5
    _PUTPARAM   shift, and go to state 6
    _GETPARAM   shift, and go to state 7
    _CALL       shift, and go to state 8
    _RETURN     shift, and go to state 9
    _SEPARATOR  shift, and go to state 10

    $default  reduce using rule 3 (statement)

    statement     go to state 105
    arrayelement  go to state 14
    ident         go to state 15
    tident        go to state 16


State 60

   41 statement: _GETPARAM arrayelement _SEPARATOR • statement

    _ID         shift, and go to state 1
    _IDTEMP     shift, and go to state 2
    _IFTRUE     shift, and go to state 3
    _IFFALSE    shift, and go to state 4
    _GOTO       shift, and go to state 5
    _PUTPARAM   shift, and go to state 6
    _GETPARAM   shift, and go to state 7
    _CALL       shift, and go to state 8
    _RETURN     shift, and go to state 9
    _SEPARATOR  shift, and go to state 10

    $default  reduce using rule 3 (statement)

    statement     go to state 106
    arrayelement  go to state 14
    ident         go to state 15
    tident        go to state 16


State 61

   39 statement: _GETPARAM ident _SEPARATOR • statement

    _ID         shift, and go to state 1
    _IDTEMP     shift, and go to state 2
    _IFTRUE     shift, and go to state 3
    _IFFALSE    shift, and go to state 4
    _GOTO       shift, and go to state 5
    _PUTPARAM   shift, and go to state 6
    _GETPARAM   shift, and go to state 7
    _CALL       shift, and go to state 8
    _RETURN     shift, and go to state 9
    _SEPARATOR  shift, and go to state 10

    $default  reduce using rule 3 (statement)

    statement     go to state 107
    arrayelement  go to state 14
    ident         go to state 15
    tident        go to state 16


State 62

   40 statement: _GETPARAM tident _SEPARATOR • statement

    _ID         shift, and go to state 1
    _IDTEMP     shift, and go to state 2
    _IFTRUE     shift, and go to state 3
    _IFFALSE    shift, and go to state 4
    _GOTO       shift, and go to state 5
    _PUTPARAM   shift, and go to state 6
    _GETPARAM   shift, and go to state 7
    _CALL       shift, and go to state 8
    _RETURN     shift, and go to state 9
    _SEPARATOR  shift, and go to state 10

    $default  reduce using rule 3 (statement)

    statement     go to state 108
    arrayelement  go to state 14
    ident         go to state 15
    tident        go to state 16


State 63

   30 statement: _CALL wfunc ',' • iconst _SEPARATOR statement

    _ICONST  shift, and go to state 79

    iconst  go to state 109


State 64

   37 statement: _CALL ident ',' • iconst _SEPARATOR statement

    _ICONST  shift, and go to state 79

    iconst  go to state 110


State 65

   43 statement: _RETURN arrayelement _SEPARATOR • statement

    _ID         shift, and go to state 1
    _IDTEMP     shift, and go to state 2
    _IFTRUE     shift, and go to state 3
    _IFFALSE    shift, and go to state 4
    _GOTO       shift, and go to state 5
    _PUTPARAM   shift, and go to state 6
    _GETPARAM   shift, and go to state 7
    _CALL       shift, and go to state 8
    _RETURN     shift, and go to state 9
    _SEPARATOR  shift, and go to state 10

    $default  reduce using rule 3 (statement)

    statement     go to state 111
    arrayelement  go to state 14
    ident         go to state 15
    tident        go to state 16


State 66

   42 statement: _RETURN operand _SEPARATOR • statement

    _ID         shift, and go to state 1
    _IDTEMP     shift, and go to state 2
    _IFTRUE     shift, and go to state 3
    _IFFALSE    shift, and go to state 4
    _GOTO       shift, and go to state 5
    _PUTPARAM   shift, and go to state 6
    _GETPARAM   shift, and go to state 7
    _CALL       shift, and go to state 8
    _RETURN     shift, and go to state 9
    _SEPARATOR  shift, and go to state 10

    $default  reduce using rule 3 (statement)

    statement     go to state 112
    arrayelement  go to state 14
    ident         go to state 15
    tident        go to state 16


State 67

   65 unops: '!' • operand

    _ID       shift, and go to state 1
    _IDTEMP   shift, and go to state 2
    _DCONST   shift, and go to state 24
    _DCONSTE  shift, and go to state 25
    _ICONST   shift, and go to state 26
    _CCONST   shift, and go to state 27
    _SCONST   shift, and go to state 28

    ident    go to state 70
    tident   go to state 31
    operand  go to state 113


State 68

   64 unops: '-' • operand

    _ID       shift, and go to state 1
    _IDTEMP   shift, and go to state 2
    _DCONST   shift, and go to state 24
    _DCONSTE  shift, and go to state 25
    _ICONST   shift, and go to state 26
    _CCONST   shift, and go to state 27
    _SCONST   shift, and go to state 28

    ident    go to state 70
    tident   go to state 31
    operand  go to state 114


State 69

   21 statement: arrayelement _IS unops • _SEPARATOR statement

    _SEPARATOR  shift, and go to state 115


State 70

   91 operand: ident •

    $default  reduce using rule 91 (operand)


State 71

   22 statement: arrayelement _IS operand • _SEPARATOR statement

    _SEPARATOR  shift, and go to state 116


State 72

    6 statement: ident ':' _ARRAYTYPE • operand ',' _BYTEARRAYTYPE ',' operand _SEPARATOR statement
    7          | ident ':' _ARRAYTYPE • operand ',' _WORDARRAYTYPE ',' operand _SEPARATOR statement
    8          | ident ':' _ARRAYTYPE • operand ',' _LONGARRAYTYPE ',' operand _SEPARATOR statement
    9          | ident ':' _ARRAYTYPE • operand ',' _DOUBLEARRAYTYPE ',' operand _SEPARATOR statement
   10          | ident ':' _ARRAYTYPE • operand ',' _ASCIIARRAYTYPE ',' operand _SEPARATOR statement

    _ID       shift, and go to state 1
    _IDTEMP   shift, and go to state 2
    _DCONST   shift, and go to state 24
    _DCONSTE  shift, and go to state 25
    _ICONST   shift, and go to state 26
    _CCONST   shift, and go to state 27
    _SCONST   shift, and go to state 28

    ident    go to state 70
    tident   go to state 31
    operand  go to state 117


State 73

   14 statement: ident ':' _BYTETYPE • cconst _SEPARATOR statement

    _CCONST  shift, and go to state 118

    cconst  go to state 119


State 74

   11 statement: ident ':' _WORDTYPE • iconst _SEPARATOR statement

    _ICONST  shift, and go to state 79

    iconst  go to state 120


State 75

   12 statement: ident ':' _LONGTYPE • iconst _SEPARATOR statement

    _ICONST  shift, and go to state 79

    iconst  go to state 121


State 76

   13 statement: ident ':' _DOUBLETYPE • dconst _SEPARATOR statement

    _DCONST   shift, and go to state 122
    _DCONSTE  shift, and go to state 123

    dconst  go to state 124


State 77

   15 statement: ident ':' _ASCIITYPE • sconst _SEPARATOR statement

    _SCONST  shift, and go to state 125

    sconst  go to state 126


State 78

    5 statement: ident ':' _SEPARATOR • statement

    _ID         shift, and go to state 1
    _IDTEMP     shift, and go to state 2
    _IFTRUE     shift, and go to state 3
    _IFFALSE    shift, and go to state 4
    _GOTO       shift, and go to state 5
    _PUTPARAM   shift, and go to state 6
    _GETPARAM   shift, and go to state 7
    _CALL       shift, and go to state 8
    _RETURN     shift, and go to state 9
    _SEPARATOR  shift, and go to state 10

    $default  reduce using rule 3 (statement)

    statement     go to state 127
    arrayelement  go to state 14
    ident         go to state 15
    tident        go to state 16


State 79

   86 iconst: _ICONST •

    $default  reduce using rule 86 (iconst)


State 80

   82 arrayelement: ident '[' ident • ']'

    ']'  shift, and go to state 128


State 81

   83 arrayelement: ident '[' tident • ']'

    ']'  shift, and go to state 129


State 82

   81 arrayelement: ident '[' iconst • ']'

    ']'  shift, and go to state 130


State 83

   32 statement: ident _IS _CALL • rfunc ',' iconst _SEPARATOR statement
   34          | ident _IS _CALL • convfunc ',' iconst _SEPARATOR statement
   36          | ident _IS _CALL • ident ',' iconst _SEPARATOR statement

    _ID        shift, and go to state 1
    _TOASCII   shift, and go to state 131
    _TOBYTE    shift, and go to state 132
    _TOWORD    shift, and go to state 133
    _TOLONG    shift, and go to state 134
    _TODOUBLE  shift, and go to state 135
    _IREAD     shift, and go to state 136
    _FREAD     shift, and go to state 137
    _CREAD     shift, and go to state 138
    _SREAD     shift, and go to state 139

    convfunc  go to state 140
    rfunc     go to state 141
    ident     go to state 142


State 84

   65 unops: '!' • operand
   67 arrunops: '!' • arrayelement

    _ID       shift, and go to state 1
    _IDTEMP   shift, and go to state 2
    _DCONST   shift, and go to state 24
    _DCONSTE  shift, and go to state 25
    _ICONST   shift, and go to state 26
    _CCONST   shift, and go to state 27
    _SCONST   shift, and go to state 28

    arrayelement  go to state 143
    ident         go to state 30
    tident        go to state 31
    operand       go to state 113


State 85

   64 unops: '-' • operand
   66 arrunops: '-' • arrayelement

    _ID       shift, and go to state 1
    _IDTEMP   shift, and go to state 2
    _DCONST   shift, and go to state 24
    _DCONSTE  shift, and go to state 25
    _ICONST   shift, and go to state 26
    _CCONST   shift, and go to state 27
    _SCONST   shift, and go to state 28

    arrayelement  go to state 144
    ident         go to state 30
    tident        go to state 31
    operand       go to state 114


State 86

   16 statement: ident _IS binop • _SEPARATOR statement

    _SEPARATOR  shift, and go to state 145


State 87

   18 statement: ident _IS unops • _SEPARATOR statement

    _SEPARATOR  shift, and go to state 146


State 88

   19 statement: ident _IS arrunops • _SEPARATOR statement

    _SEPARATOR  shift, and go to state 147


State 89

   20 statement: ident _IS arrayelement • _SEPARATOR statement

    _SEPARATOR  shift, and go to state 148


State 90

   17 statement: ident _IS operand • _SEPARATOR statement
   50 binop: operand • '+' operand
   51      | operand • '-' operand
   52      | operand • '*' operand
   53      | operand • '/' operand
   54      | operand • '%' operand
   55      | operand • '>' operand
   56      | operand • '<' operand
   57      | operand • '^' operand
   58      | operand • _GEQ operand
   59      | operand • _LEQ operand
   60      | operand • _EQ operand
   61      | operand • _NEQ operand
   62      | operand • _AND operand
   63      | operand • _OR operand

    _SEPARATOR  shift, and go to state 149
    '<'         shift, and go to state 150
    '>'         shift, and go to state 151
    _EQ         shift, and go to state 152
    _NEQ        shift, and go to state 153
    _GEQ        shift, and go to state 154
    _LEQ        shift, and go to state 155
    _AND        shift, and go to state 156
    _OR         shift, and go to state 157
    '^'         shift, and go to state 158
    '+'         shift, and go to state 159
    '-'         shift, and go to state 160
    '*'         shift, and go to state 161
    '/'         shift, and go to state 162
    '%'         shift, and go to state 163


State 91

   31 statement: tident _IS _CALL • rfunc ',' iconst _SEPARATOR statement
   33          | tident _IS _CALL • convfunc ',' iconst _SEPARATOR statement
   35          | tident _IS _CALL • ident ',' iconst _SEPARATOR statement

    _ID        shift, and go to state 1
    _TOASCII   shift, and go to state 131
    _TOBYTE    shift, and go to state 132
    _TOWORD    shift, and go to state 133
    _TOLONG    shift, and go to state 134
    _TODOUBLE  shift, and go to state 135
    _IREAD     shift, and go to state 136
    _FREAD     shift, and go to state 137
    _CREAD     shift, and go to state 138
    _SREAD     shift, and go to state 139

    convfunc  go to state 164
    rfunc     go to state 165
    ident     go to state 166


State 92

   23 statement: tident _IS binop • _SEPARATOR statement

    _SEPARATOR  shift, and go to state 167


State 93

   25 statement: tident _IS unops • _SEPARATOR statement

    _SEPARATOR  shift, and go to state 168


State 94

   26 statement: tident _IS arrunops • _SEPARATOR statement

    _SEPARATOR  shift, and go to state 169


State 95

   27 statement: tident _IS arrayelement • _SEPARATOR statement

    _SEPARATOR  shift, and go to state 170


State 96

   24 statement: tident _IS operand • _SEPARATOR statement
   50 binop: operand • '+' operand
   51      | operand • '-' operand
   52      | operand • '*' operand
   53      | operand • '/' operand
   54      | operand • '%' operand
   55      | operand • '>' operand
   56      | operand • '<' operand
   57      | operand • '^' operand
   58      | operand • _GEQ operand
   59      | operand • _LEQ operand
   60      | operand • _EQ operand
   61      | operand • _NEQ operand
   62      | operand • _AND operand
   63      | operand • _OR operand

    _SEPARATOR  shift, and go to state 171
    '<'         shift, and go to state 150
    '>'         shift, and go to state 151
    _EQ         shift, and go to state 152
    _NEQ        shift, and go to state 153
    _GEQ        shift, and go to state 154
    _LEQ        shift, and go to state 155
    _AND        shift, and go to state 156
    _OR         shift, and go to state 157
    '^'         shift, and go to state 158
    '+'         shift, and go to state 159
    '-'         shift, and go to state 160
    '*'         shift, and go to state 161
    '/'         shift, and go to state 162
    '%'         shift, and go to state 163


State 97

   49 statement: _IFTRUE arrayelement _GOTO ident • _SEPARATOR statement

    _SEPARATOR  shift, and go to state 172


State 98

   45 statement: _IFTRUE ident _GOTO ident • _SEPARATOR statement

    _SEPARATOR  shift, and go to state 173


State 99

   47 statement: _IFTRUE tident _GOTO ident • _SEPARATOR statement

    _SEPARATOR  shift, and go to state 174


State 100

   48 statement: _IFFALSE arrayelement _GOTO ident • _SEPARATOR statement

    _SEPARATOR  shift, and go to state 175


State 101

   44 statement: _IFFALSE ident _GOTO ident • _SEPARATOR statement

    _SEPARATOR  shift, and go to state 176


State 102

   46 statement: _IFFALSE tident _GOTO ident • _SEPARATOR statement

    _SEPARATOR  shift, and go to state 177


State 103

   38 statement: _GOTO ident _SEPARATOR statement •

    $default  reduce using rule 38 (statement)


State 104

   29 statement: _PUTPARAM arrayelement _SEPARATOR statement •

    $default  reduce using rule 29 (statement)


State 105

   28 statement: _PUTPARAM operand _SEPARATOR statement •

    $default  reduce using rule 28 (statement)


State 106

   41 statement: _GETPARAM arrayelement _SEPARATOR statement •

    $default  reduce using rule 41 (statement)


State 107

   39 statement: _GETPARAM ident _SEPARATOR statement •

    $default  reduce using rule 39 (statement)


State 108

   40 statement: _GETPARAM tident _SEPARATOR statement •

    $default  reduce using rule 40 (statement)


State 109

   30 statement: _CALL wfunc ',' iconst • _SEPARATOR statement

    _SEPARATOR  shift, and go to state 178


State 110

   37 statement: _CALL ident ',' iconst • _SEPARATOR statement

    _SEPARATOR  shift, and go to state 179


State 111

   43 statement: _RETURN arrayelement _SEPARATOR statement •

    $default  reduce using rule 43 (statement)


State 112

   42 statement: _RETURN operand _SEPARATOR statement •

    $default  reduce using rule 42 (statement)


State 113

   65 unops: '!' operand •

    $default  reduce using rule 65 (unops)


State 114

   64 unops: '-' operand •

    $default  reduce using rule 64 (unops)


State 115

   21 statement: arrayelement _IS unops _SEPARATOR • statement

    _ID         shift, and go to state 1
    _IDTEMP     shift, and go to state 2
    _IFTRUE     shift, and go to state 3
    _IFFALSE    shift, and go to state 4
    _GOTO       shift, and go to state 5
    _PUTPARAM   shift, and go to state 6
    _GETPARAM   shift, and go to state 7
    _CALL       shift, and go to state 8
    _RETURN     shift, and go to state 9
    _SEPARATOR  shift, and go to state 10

    $default  reduce using rule 3 (statement)

    statement     go to state 180
    arrayelement  go to state 14
    ident         go to state 15
    tident        go to state 16


State 116

   22 statement: arrayelement _IS operand _SEPARATOR • statement

    _ID         shift, and go to state 1
    _IDTEMP     shift, and go to state 2
    _IFTRUE     shift, and go to state 3
    _IFFALSE    shift, and go to state 4
    _GOTO       shift, and go to state 5
    _PUTPARAM   shift, and go to state 6
    _GETPARAM   shift, and go to state 7
    _CALL       shift, and go to state 8
    _RETURN     shift, and go to state 9
    _SEPARATOR  shift, and go to state 10

    $default  reduce using rule 3 (statement)

    statement     go to state 181
    arrayelement  go to state 14
    ident         go to state 15
    tident        go to state 16


State 117

    6 statement: ident ':' _ARRAYTYPE operand • ',' _BYTEARRAYTYPE ',' operand _SEPARATOR statement
    7          | ident ':' _ARRAYTYPE operand • ',' _WORDARRAYTYPE ',' operand _SEPARATOR statement
    8          | ident ':' _ARRAYTYPE operand • ',' _LONGARRAYTYPE ',' operand _SEPARATOR statement
    9          | ident ':' _ARRAYTYPE operand • ',' _DOUBLEARRAYTYPE ',' operand _SEPARATOR statement
   10          | ident ':' _ARRAYTYPE operand • ',' _ASCIIARRAYTYPE ',' operand _SEPARATOR statement

    ','  shift, and go to state 182


State 118

   89 cconst: _CCONST •

    $default  reduce using rule 89 (cconst)


State 119

   14 statement: ident ':' _BYTETYPE cconst • _SEPARATOR statement

    _SEPARATOR  shift, and go to state 183


State 120

   11 statement: ident ':' _WORDTYPE iconst • _SEPARATOR statement

    _SEPARATOR  shift, and go to state 184


State 121

   12 statement: ident ':' _LONGTYPE iconst • _SEPARATOR statement

    _SEPARATOR  shift, and go to state 185


State 122

   87 dconst: _DCONST •

    $default  reduce using rule 87 (dconst)


State 123

   88 dconst: _DCONSTE •

    $default  reduce using rule 88 (dconst)


State 124

   13 statement: ident ':' _DOUBLETYPE dconst • _SEPARATOR statement

    _SEPARATOR  shift, and go to state 186


State 125

   90 sconst: _SCONST •

    $default  reduce using rule 90 (sconst)


State 126

   15 statement: ident ':' _ASCIITYPE sconst • _SEPARATOR statement

    _SEPARATOR  shift, and go to state 187


State 127

    5 statement: ident ':' _SEPARATOR statement •

    $default  reduce using rule 5 (statement)


State 128

   82 arrayelement: ident '[' ident ']' •

    $default  reduce using rule 82 (arrayelement)


State 129

   83 arrayelement: ident '[' tident ']' •

    $default  reduce using rule 83 (arrayelement)


State 130

   81 arrayelement: ident '[' iconst ']' •

    $default  reduce using rule 81 (arrayelement)


State 131

   68 convfunc: _TOASCII •

    $default  reduce using rule 68 (convfunc)


State 132

   69 convfunc: _TOBYTE •

    $default  reduce using rule 69 (convfunc)


State 133

   72 convfunc: _TOWORD •

    $default  reduce using rule 72 (convfunc)


State 134

   71 convfunc: _TOLONG •

    $default  reduce using rule 71 (convfunc)


State 135

   70 convfunc: _TODOUBLE •

    $default  reduce using rule 70 (convfunc)


State 136

   77 rfunc: _IREAD •

    $default  reduce using rule 77 (rfunc)


State 137

   78 rfunc: _FREAD •

    $default  reduce using rule 78 (rfunc)


State 138

   79 rfunc: _CREAD •

    $default  reduce using rule 79 (rfunc)


State 139

   80 rfunc: _SREAD •

    $default  reduce using rule 80 (rfunc)


State 140

   34 statement: ident _IS _CALL convfunc • ',' iconst _SEPARATOR statement

    ','  shift, and go to state 188


State 141

   32 statement: ident _IS _CALL rfunc • ',' iconst _SEPARATOR statement

    ','  shift, and go to state 189


State 142

   36 statement: ident _IS _CALL ident • ',' iconst _SEPARATOR statement

    ','  shift, and go to state 190


State 143

   67 arrunops: '!' arrayelement •

    $default  reduce using rule 67 (arrunops)


State 144

   66 arrunops: '-' arrayelement •

    $default  reduce using rule 66 (arrunops)


State 145

   16 statement: ident _IS binop _SEPARATOR • statement

    _ID         shift, and go to state 1
    _IDTEMP     shift, and go to state 2
    _IFTRUE     shift, and go to state 3
    _IFFALSE    shift, and go to state 4
    _GOTO       shift, and go to state 5
    _PUTPARAM   shift, and go to state 6
    _GETPARAM   shift, and go to state 7
    _CALL       shift, and go to state 8
    _RETURN     shift, and go to state 9
    _SEPARATOR  shift, and go to state 10

    $default  reduce using rule 3 (statement)

    statement     go to state 191
    arrayelement  go to state 14
    ident         go to state 15
    tident        go to state 16


State 146

   18 statement: ident _IS unops _SEPARATOR • statement

    _ID         shift, and go to state 1
    _IDTEMP     shift, and go to state 2
    _IFTRUE     shift, and go to state 3
    _IFFALSE    shift, and go to state 4
    _GOTO       shift, and go to state 5
    _PUTPARAM   shift, and go to state 6
    _GETPARAM   shift, and go to state 7
    _CALL       shift, and go to state 8
    _RETURN     shift, and go to state 9
    _SEPARATOR  shift, and go to state 10

    $default  reduce using rule 3 (statement)

    statement     go to state 192
    arrayelement  go to state 14
    ident         go to state 15
    tident        go to state 16


State 147

   19 statement: ident _IS arrunops _SEPARATOR • statement

    _ID         shift, and go to state 1
    _IDTEMP     shift, and go to state 2
    _IFTRUE     shift, and go to state 3
    _IFFALSE    shift, and go to state 4
    _GOTO       shift, and go to state 5
    _PUTPARAM   shift, and go to state 6
    _GETPARAM   shift, and go to state 7
    _CALL       shift, and go to state 8
    _RETURN     shift, and go to state 9
    _SEPARATOR  shift, and go to state 10

    $default  reduce using rule 3 (statement)

    statement     go to state 193
    arrayelement  go to state 14
    ident         go to state 15
    tident        go to state 16


State 148

   20 statement: ident _IS arrayelement _SEPARATOR • statement

    _ID         shift, and go to state 1
    _IDTEMP     shift, and go to state 2
    _IFTRUE     shift, and go to state 3
    _IFFALSE    shift, and go to state 4
    _GOTO       shift, and go to state 5
    _PUTPARAM   shift, and go to state 6
    _GETPARAM   shift, and go to state 7
    _CALL       shift, and go to state 8
    _RETURN     shift, and go to state 9
    _SEPARATOR  shift, and go to state 10

    $default  reduce using rule 3 (statement)

    statement     go to state 194
    arrayelement  go to state 14
    ident         go to state 15
    tident        go to state 16


State 149

   17 statement: ident _IS operand _SEPARATOR • statement

    _ID         shift, and go to state 1
    _IDTEMP     shift, and go to state 2
    _IFTRUE     shift, and go to state 3
    _IFFALSE    shift, and go to state 4
    _GOTO       shift, and go to state 5
    _PUTPARAM   shift, and go to state 6
    _GETPARAM   shift, and go to state 7
    _CALL       shift, and go to state 8
    _RETURN     shift, and go to state 9
    _SEPARATOR  shift, and go to state 10

    $default  reduce using rule 3 (statement)

    statement     go to state 195
    arrayelement  go to state 14
    ident         go to state 15
    tident        go to state 16


State 150

   56 binop: operand '<' • operand

    _ID       shift, and go to state 1
    _IDTEMP   shift, and go to state 2
    _DCONST   shift, and go to state 24
    _DCONSTE  shift, and go to state 25
    _ICONST   shift, and go to state 26
    _CCONST   shift, and go to state 27
    _SCONST   shift, and go to state 28

    ident    go to state 70
    tident   go to state 31
    operand  go to state 196


State 151

   55 binop: operand '>' • operand

    _ID       shift, and go to state 1
    _IDTEMP   shift, and go to state 2
    _DCONST   shift, and go to state 24
    _DCONSTE  shift, and go to state 25
    _ICONST   shift, and go to state 26
    _CCONST   shift, and go to state 27
    _SCONST   shift, and go to state 28

    ident    go to state 70
    tident   go to state 31
    operand  go to state 197


State 152

   60 binop: operand _EQ • operand

    _ID       shift, and go to state 1
    _IDTEMP   shift, and go to state 2
    _DCONST   shift, and go to state 24
    _DCONSTE  shift, and go to state 25
    _ICONST   shift, and go to state 26
    _CCONST   shift, and go to state 27
    _SCONST   shift, and go to state 28

    ident    go to state 70
    tident   go to state 31
    operand  go to state 198


State 153

   61 binop: operand _NEQ • operand

    _ID       shift, and go to state 1
    _IDTEMP   shift, and go to state 2
    _DCONST   shift, and go to state 24
    _DCONSTE  shift, and go to state 25
    _ICONST   shift, and go to state 26
    _CCONST   shift, and go to state 27
    _SCONST   shift, and go to state 28

    ident    go to state 70
    tident   go to state 31
    operand  go to state 199


State 154

   58 binop: operand _GEQ • operand

    _ID       shift, and go to state 1
    _IDTEMP   shift, and go to state 2
    _DCONST   shift, and go to state 24
    _DCONSTE  shift, and go to state 25
    _ICONST   shift, and go to state 26
    _CCONST   shift, and go to state 27
    _SCONST   shift, and go to state 28

    ident    go to state 70
    tident   go to state 31
    operand  go to state 200


State 155

   59 binop: operand _LEQ • operand

    _ID       shift, and go to state 1
    _IDTEMP   shift, and go to state 2
    _DCONST   shift, and go to state 24
    _DCONSTE  shift, and go to state 25
    _ICONST   shift, and go to state 26
    _CCONST   shift, and go to state 27
    _SCONST   shift, and go to state 28

    ident    go to state 70
    tident   go to state 31
    operand  go to state 201


State 156

   62 binop: operand _AND • operand

    _ID       shift, and go to state 1
    _IDTEMP   shift, and go to state 2
    _DCONST   shift, and go to state 24
    _DCONSTE  shift, and go to state 25
    _ICONST   shift, and go to state 26
    _CCONST   shift, and go to state 27
    _SCONST   shift, and go to state 28

    ident    go to state 70
    tident   go to state 31
    operand  go to state 202


State 157

   63 binop: operand _OR • operand

    _ID       shift, and go to state 1
    _IDTEMP   shift, and go to state 2
    _DCONST   shift, and go to state 24
    _DCONSTE  shift, and go to state 25
    _ICONST   shift, and go to state 26
    _CCONST   shift, and go to state 27
    _SCONST   shift, and go to state 28

    ident    go to state 70
    tident   go to state 31
    operand  go to state 203


State 158

   57 binop: operand '^' • operand

    _ID       shift, and go to state 1
    _IDTEMP   shift, and go to state 2
    _DCONST   shift, and go to state 24
    _DCONSTE  shift, and go to state 25
    _ICONST   shift, and go to state 26
    _CCONST   shift, and go to state 27
    _SCONST   shift, and go to state 28

    ident    go to state 70
    tident   go to state 31
    operand  go to state 204


State 159

   50 binop: operand '+' • operand

    _ID       shift, and go to state 1
    _IDTEMP   shift, and go to state 2
    _DCONST   shift, and go to state 24
    _DCONSTE  shift, and go to state 25
    _ICONST   shift, and go to state 26
    _CCONST   shift, and go to state 27
    _SCONST   shift, and go to state 28

    ident    go to state 70
    tident   go to state 31
    operand  go to state 205


State 160

   51 binop: operand '-' • operand

    _ID       shift, and go to state 1
    _IDTEMP   shift, and go to state 2
    _DCONST   shift, and go to state 24
    _DCONSTE  shift, and go to state 25
    _ICONST   shift, and go to state 26
    _CCONST   shift, and go to state 27
    _SCONST   shift, and go to state 28

    ident    go to state 70
    tident   go to state 31
    operand  go to state 206


State 161

   52 binop: operand '*' • operand

    _ID       shift, and go to state 1
    _IDTEMP   shift, and go to state 2
    _DCONST   shift, and go to state 24
    _DCONSTE  shift, and go to state 25
    _ICONST   shift, and go to state 26
    _CCONST   shift, and go to state 27
    _SCONST   shift, and go to state 28

    ident    go to state 70
    tident   go to state 31
    operand  go to state 207


State 162

   53 binop: operand '/' • operand

    _ID       shift, and go to state 1
    _IDTEMP   shift, and go to state 2
    _DCONST   shift, and go to state 24
    _DCONSTE  shift, and go to state 25
    _ICONST   shift, and go to state 26
    _CCONST   shift, and go to state 27
    _SCONST   shift, and go to state 28

    ident    go to state 70
    tident   go to state 31
    operand  go to state 208


State 163

   54 binop: operand '%' • operand

    _ID       shift, and go to state 1
    _IDTEMP   shift, and go to state 2
    _DCONST   shift, and go to state 24
    _DCONSTE  shift, and go to state 25
    _ICONST   shift, and go to state 26
    _CCONST   shift, and go to state 27
    _SCONST   shift, and go to state 28

    ident    go to state 70
    tident   go to state 31
    operand  go to state 209


State 164

   33 statement: tident _IS _CALL convfunc • ',' iconst _SEPARATOR statement

    ','  shift, and go to state 210


State 165

   31 statement: tident _IS _CALL rfunc • ',' iconst _SEPARATOR statement

    ','  shift, and go to state 211


State 166

   35 statement: tident _IS _CALL ident • ',' iconst _SEPARATOR statement

    ','  shift, and go to state 212


State 167

   23 statement: tident _IS binop _SEPARATOR • statement

    _ID         shift, and go to state 1
    _IDTEMP     shift, and go to state 2
    _IFTRUE     shift, and go to state 3
    _IFFALSE    shift, and go to state 4
    _GOTO       shift, and go to state 5
    _PUTPARAM   shift, and go to state 6
    _GETPARAM   shift, and go to state 7
    _CALL       shift, and go to state 8
    _RETURN     shift, and go to state 9
    _SEPARATOR  shift, and go to state 10

    $default  reduce using rule 3 (statement)

    statement     go to state 213
    arrayelement  go to state 14
    ident         go to state 15
    tident        go to state 16


State 168

   25 statement: tident _IS unops _SEPARATOR • statement

    _ID         shift, and go to state 1
    _IDTEMP     shift, and go to state 2
    _IFTRUE     shift, and go to state 3
    _IFFALSE    shift, and go to state 4
    _GOTO       shift, and go to state 5
    _PUTPARAM   shift, and go to state 6
    _GETPARAM   shift, and go to state 7
    _CALL       shift, and go to state 8
    _RETURN     shift, and go to state 9
    _SEPARATOR  shift, and go to state 10

    $default  reduce using rule 3 (statement)

    statement     go to state 214
    arrayelement  go to state 14
    ident         go to state 15
    tident        go to state 16


State 169

   26 statement: tident _IS arrunops _SEPARATOR • statement

    _ID         shift, and go to state 1
    _IDTEMP     shift, and go to state 2
    _IFTRUE     shift, and go to state 3
    _IFFALSE    shift, and go to state 4
    _GOTO       shift, and go to state 5
    _PUTPARAM   shift, and go to state 6
    _GETPARAM   shift, and go to state 7
    _CALL       shift, and go to state 8
    _RETURN     shift, and go to state 9
    _SEPARATOR  shift, and go to state 10

    $default  reduce using rule 3 (statement)

    statement     go to state 215
    arrayelement  go to state 14
    ident         go to state 15
    tident        go to state 16


State 170

   27 statement: tident _IS arrayelement _SEPARATOR • statement

    _ID         shift, and go to state 1
    _IDTEMP     shift, and go to state 2
    _IFTRUE     shift, and go to state 3
    _IFFALSE    shift, and go to state 4
    _GOTO       shift, and go to state 5
    _PUTPARAM   shift, and go to state 6
    _GETPARAM   shift, and go to state 7
    _CALL       shift, and go to state 8
    _RETURN     shift, and go to state 9
    _SEPARATOR  shift, and go to state 10

    $default  reduce using rule 3 (statement)

    statement     go to state 216
    arrayelement  go to state 14
    ident         go to state 15
    tident        go to state 16


State 171

   24 statement: tident _IS operand _SEPARATOR • statement

    _ID         shift, and go to state 1
    _IDTEMP     shift, and go to state 2
    _IFTRUE     shift, and go to state 3
    _IFFALSE    shift, and go to state 4
    _GOTO       shift, and go to state 5
    _PUTPARAM   shift, and go to state 6
    _GETPARAM   shift, and go to state 7
    _CALL       shift, and go to state 8
    _RETURN     shift, and go to state 9
    _SEPARATOR  shift, and go to state 10

    $default  reduce using rule 3 (statement)

    statement     go to state 217
    arrayelement  go to state 14
    ident         go to state 15
    tident        go to state 16


State 172

   49 statement: _IFTRUE arrayelement _GOTO ident _SEPARATOR • statement

    _ID         shift, and go to state 1
    _IDTEMP     shift, and go to state 2
    _IFTRUE     shift, and go to state 3
    _IFFALSE    shift, and go to state 4
    _GOTO       shift, and go to state 5
    _PUTPARAM   shift, and go to state 6
    _GETPARAM   shift, and go to state 7
    _CALL       shift, and go to state 8
    _RETURN     shift, and go to state 9
    _SEPARATOR  shift, and go to state 10

    $default  reduce using rule 3 (statement)

    statement     go to state 218
    arrayelement  go to state 14
    ident         go to state 15
    tident        go to state 16


State 173

   45 statement: _IFTRUE ident _GOTO ident _SEPARATOR • statement

    _ID         shift, and go to state 1
    _IDTEMP     shift, and go to state 2
    _IFTRUE     shift, and go to state 3
    _IFFALSE    shift, and go to state 4
    _GOTO       shift, and go to state 5
    _PUTPARAM   shift, and go to state 6
    _GETPARAM   shift, and go to state 7
    _CALL       shift, and go to state 8
    _RETURN     shift, and go to state 9
    _SEPARATOR  shift, and go to state 10

    $default  reduce using rule 3 (statement)

    statement     go to state 219
    arrayelement  go to state 14
    ident         go to state 15
    tident        go to state 16


State 174

   47 statement: _IFTRUE tident _GOTO ident _SEPARATOR • statement

    _ID         shift, and go to state 1
    _IDTEMP     shift, and go to state 2
    _IFTRUE     shift, and go to state 3
    _IFFALSE    shift, and go to state 4
    _GOTO       shift, and go to state 5
    _PUTPARAM   shift, and go to state 6
    _GETPARAM   shift, and go to state 7
    _CALL       shift, and go to state 8
    _RETURN     shift, and go to state 9
    _SEPARATOR  shift, and go to state 10

    $default  reduce using rule 3 (statement)

    statement     go to state 220
    arrayelement  go to state 14
    ident         go to state 15
    tident        go to state 16


State 175

   48 statement: _IFFALSE arrayelement _GOTO ident _SEPARATOR • statement

    _ID         shift, and go to state 1
    _IDTEMP     shift, and go to state 2
    _IFTRUE     shift, and go to state 3
    _IFFALSE    shift, and go to state 4
    _GOTO       shift, and go to state 5
    _PUTPARAM   shift, and go to state 6
    _GETPARAM   shift, and go to state 7
    _CALL       shift, and go to state 8
    _RETURN     shift, and go to state 9
    _SEPARATOR  shift, and go to state 10

    $default  reduce using rule 3 (statement)

    statement     go to state 221
    arrayelement  go to state 14
    ident         go to state 15
    tident        go to state 16


State 176

   44 statement: _IFFALSE ident _GOTO ident _SEPARATOR • statement

    _ID         shift, and go to state 1
    _IDTEMP     shift, and go to state 2
    _IFTRUE     shift, and go to state 3
    _IFFALSE    shift, and go to state 4
    _GOTO       shift, and go to state 5
    _PUTPARAM   shift, and go to state 6
    _GETPARAM   shift, and go to state 7
    _CALL       shift, and go to state 8
    _RETURN     shift, and go to state 9
    _SEPARATOR  shift, and go to state 10

    $default  reduce using rule 3 (statement)

    statement     go to state 222
    arrayelement  go to state 14
    ident         go to state 15
    tident        go to state 16


State 177

   46 statement: _IFFALSE tident _GOTO ident _SEPARATOR • statement

    _ID         shift, and go to state 1
    _IDTEMP     shift, and go to state 2
    _IFTRUE     shift, and go to state 3
    _IFFALSE    shift, and go to state 4
    _GOTO       shift, and go to state 5
    _PUTPARAM   shift, and go to state 6
    _GETPARAM   shift, and go to state 7
    _CALL       shift, and go to state 8
    _RETURN     shift, and go to state 9
    _SEPARATOR  shift, and go to state 10

    $default  reduce using rule 3 (statement)

    statement     go to state 223
    arrayelement  go to state 14
    ident         go to state 15
    tident        go to state 16


State 178

   30 statement: _CALL wfunc ',' iconst _SEPARATOR • statement

    _ID         shift, and go to state 1
    _IDTEMP     shift, and go to state 2
    _IFTRUE     shift, and go to state 3
    _IFFALSE    shift, and go to state 4
    _GOTO       shift, and go to state 5
    _PUTPARAM   shift, and go to state 6
    _GETPARAM   shift, and go to state 7
    _CALL       shift, and go to state 8
    _RETURN     shift, and go to state 9
    _SEPARATOR  shift, and go to state 10

    $default  reduce using rule 3 (statement)

    statement     go to state 224
    arrayelement  go to state 14
    ident         go to state 15
    tident        go to state 16


State 179

   37 statement: _CALL ident ',' iconst _SEPARATOR • statement

    _ID         shift, and go to state 1
    _IDTEMP     shift, and go to state 2
    _IFTRUE     shift, and go to state 3
    _IFFALSE    shift, and go to state 4
    _GOTO       shift, and go to state 5
    _PUTPARAM   shift, and go to state 6
    _GETPARAM   shift, and go to state 7
    _CALL       shift, and go to state 8
    _RETURN     shift, and go to state 9
    _SEPARATOR  shift, and go to state 10

    $default  reduce using rule 3 (statement)

    statement     go to state 225
    arrayelement  go to state 14
    ident         go to state 15
    tident        go to state 16


State 180

   21 statement: arrayelement _IS unops _SEPARATOR statement •

    $default  reduce using rule 21 (statement)


State 181

   22 statement: arrayelement _IS operand _SEPARATOR statement •

    $default  reduce using rule 22 (statement)


State 182

    6 statement: ident ':' _ARRAYTYPE operand ',' • _BYTEARRAYTYPE ',' operand _SEPARATOR statement
    7          | ident ':' _ARRAYTYPE operand ',' • _WORDARRAYTYPE ',' operand _SEPARATOR statement
    8          | ident ':' _ARRAYTYPE operand ',' • _LONGARRAYTYPE ',' operand _SEPARATOR statement
    9          | ident ':' _ARRAYTYPE operand ',' • _DOUBLEARRAYTYPE ',' operand _SEPARATOR statement
   10          | ident ':' _ARRAYTYPE operand ',' • _ASCIIARRAYTYPE ',' operand _SEPARATOR statement

    _BYTEARRAYTYPE    shift, and go to state 226
    _WORDARRAYTYPE    shift, and go to state 227
    _LONGARRAYTYPE    shift, and go to state 228
    _DOUBLEARRAYTYPE  shift, and go to state 229
    _ASCIIARRAYTYPE   shift, and go to state 230


State 183

   14 statement: ident ':' _BYTETYPE cconst _SEPARATOR • statement

    _ID         shift, and go to state 1
    _IDTEMP     shift, and go to state 2
    _IFTRUE     shift, and go to state 3
    _IFFALSE    shift, and go to state 4
    _GOTO       shift, and go to state 5
    _PUTPARAM   shift, and go to state 6
    _GETPARAM   shift, and go to state 7
    _CALL       shift, and go to state 8
    _RETURN     shift, and go to state 9
    _SEPARATOR  shift, and go to state 10

    $default  reduce using rule 3 (statement)

    statement     go to state 231
    arrayelement  go to state 14
    ident         go to state 15
    tident        go to state 16


State 184

   11 statement: ident ':' _WORDTYPE iconst _SEPARATOR • statement

    _ID         shift, and go to state 1
    _IDTEMP     shift, and go to state 2
    _IFTRUE     shift, and go to state 3
    _IFFALSE    shift, and go to state 4
    _GOTO       shift, and go to state 5
    _PUTPARAM   shift, and go to state 6
    _GETPARAM   shift, and go to state 7
    _CALL       shift, and go to state 8
    _RETURN     shift, and go to state 9
    _SEPARATOR  shift, and go to state 10

    $default  reduce using rule 3 (statement)

    statement     go to state 232
    arrayelement  go to state 14
    ident         go to state 15
    tident        go to state 16


State 185

   12 statement: ident ':' _LONGTYPE iconst _SEPARATOR • statement

    _ID         shift, and go to state 1
    _IDTEMP     shift, and go to state 2
    _IFTRUE     shift, and go to state 3
    _IFFALSE    shift, and go to state 4
    _GOTO       shift, and go to state 5
    _PUTPARAM   shift, and go to state 6
    _GETPARAM   shift, and go to state 7
    _CALL       shift, and go to state 8
    _RETURN     shift, and go to state 9
    _SEPARATOR  shift, and go to state 10

    $default  reduce using rule 3 (statement)

    statement     go to state 233
    arrayelement  go to state 14
    ident         go to state 15
    tident        go to state 16


State 186

   13 statement: ident ':' _DOUBLETYPE dconst _SEPARATOR • statement

    _ID         shift, and go to state 1
    _IDTEMP     shift, and go to state 2
    _IFTRUE     shift, and go to state 3
    _IFFALSE    shift, and go to state 4
    _GOTO       shift, and go to state 5
    _PUTPARAM   shift, and go to state 6
    _GETPARAM   shift, and go to state 7
    _CALL       shift, and go to state 8
    _RETURN     shift, and go to state 9
    _SEPARATOR  shift, and go to state 10

    $default  reduce using rule 3 (statement)

    statement     go to state 234
    arrayelement  go to state 14
    ident         go to state 15
    tident        go to state 16


State 187

   15 statement: ident ':' _ASCIITYPE sconst _SEPARATOR • statement

    _ID         shift, and go to state 1
    _IDTEMP     shift, and go to state 2
    _IFTRUE     shift, and go to state 3
    _IFFALSE    shift, and go to state 4
    _GOTO       shift, and go to state 5
    _PUTPARAM   shift, and go to state 6
    _GETPARAM   shift, and go to state 7
    _CALL       shift, and go to state 8
    _RETURN     shift, and go to state 9
    _SEPARATOR  shift, and go to state 10

    $default  reduce using rule 3 (statement)

    statement     go to state 235
    arrayelement  go to state 14
    ident         go to state 15
    tident        go to state 16


State 188

   34 statement: ident _IS _CALL convfunc ',' • iconst _SEPARATOR statement

    _ICONST  shift, and go to state 79

    iconst  go to state 236


State 189

   32 statement: ident _IS _CALL rfunc ',' • iconst _SEPARATOR statement

    _ICONST  shift, and go to state 79

    iconst  go to state 237


State 190

   36 statement: ident _IS _CALL ident ',' • iconst _SEPARATOR statement

    _ICONST  shift, and go to state 79

    iconst  go to state 238


State 191

   16 statement: ident _IS binop _SEPARATOR statement •

    $default  reduce using rule 16 (statement)


State 192

   18 statement: ident _IS unops _SEPARATOR statement •

    $default  reduce using rule 18 (statement)


State 193

   19 statement: ident _IS arrunops _SEPARATOR statement •

    $default  reduce using rule 19 (statement)


State 194

   20 statement: ident _IS arrayelement _SEPARATOR statement •

    $default  reduce using rule 20 (statement)


State 195

   17 statement: ident _IS operand _SEPARATOR statement •

    $default  reduce using rule 17 (statement)


State 196

   56 binop: operand '<' operand •

    $default  reduce using rule 56 (binop)


State 197

   55 binop: operand '>' operand •

    $default  reduce using rule 55 (binop)


State 198

   60 binop: operand _EQ operand •

    $default  reduce using rule 60 (binop)


State 199

   61 binop: operand _NEQ operand •

    $default  reduce using rule 61 (binop)


State 200

   58 binop: operand _GEQ operand •

    $default  reduce using rule 58 (binop)


State 201

   59 binop: operand _LEQ operand •

    $default  reduce using rule 59 (binop)


State 202

   62 binop: operand _AND operand •

    $default  reduce using rule 62 (binop)


State 203

   63 binop: operand _OR operand •

    $default  reduce using rule 63 (binop)


State 204

   57 binop: operand '^' operand •

    $default  reduce using rule 57 (binop)


State 205

   50 binop: operand '+' operand •

    $default  reduce using rule 50 (binop)


State 206

   51 binop: operand '-' operand •

    $default  reduce using rule 51 (binop)


State 207

   52 binop: operand '*' operand •

    $default  reduce using rule 52 (binop)


State 208

   53 binop: operand '/' operand •

    $default  reduce using rule 53 (binop)


State 209

   54 binop: operand '%' operand •

    $default  reduce using rule 54 (binop)


State 210

   33 statement: tident _IS _CALL convfunc ',' • iconst _SEPARATOR statement

    _ICONST  shift, and go to state 79

    iconst  go to state 239


State 211

   31 statement: tident _IS _CALL rfunc ',' • iconst _SEPARATOR statement

    _ICONST  shift, and go to state 79

    iconst  go to state 240


State 212

   35 statement: tident _IS _CALL ident ',' • iconst _SEPARATOR statement

    _ICONST  shift, and go to state 79

    iconst  go to state 241


State 213

   23 statement: tident _IS binop _SEPARATOR statement •

    $default  reduce using rule 23 (statement)


State 214

   25 statement: tident _IS unops _SEPARATOR statement •

    $default  reduce using rule 25 (statement)


State 215

   26 statement: tident _IS arrunops _SEPARATOR statement •

    $default  reduce using rule 26 (statement)


State 216

   27 statement: tident _IS arrayelement _SEPARATOR statement •

    $default  reduce using rule 27 (statement)


State 217

   24 statement: tident _IS operand _SEPARATOR statement •

    $default  reduce using rule 24 (statement)


State 218

   49 statement: _IFTRUE arrayelement _GOTO ident _SEPARATOR statement •

    $default  reduce using rule 49 (statement)


State 219

   45 statement: _IFTRUE ident _GOTO ident _SEPARATOR statement •

    $default  reduce using rule 45 (statement)


State 220

   47 statement: _IFTRUE tident _GOTO ident _SEPARATOR statement •

    $default  reduce using rule 47 (statement)


State 221

   48 statement: _IFFALSE arrayelement _GOTO ident _SEPARATOR statement •

    $default  reduce using rule 48 (statement)


State 222

   44 statement: _IFFALSE ident _GOTO ident _SEPARATOR statement •

    $default  reduce using rule 44 (statement)


State 223

   46 statement: _IFFALSE tident _GOTO ident _SEPARATOR statement •

    $default  reduce using rule 46 (statement)


State 224

   30 statement: _CALL wfunc ',' iconst _SEPARATOR statement •

    $default  reduce using rule 30 (statement)


State 225

   37 statement: _CALL ident ',' iconst _SEPARATOR statement •

    $default  reduce using rule 37 (statement)


State 226

    6 statement: ident ':' _ARRAYTYPE operand ',' _BYTEARRAYTYPE • ',' operand _SEPARATOR statement

    ','  shift, and go to state 242


State 227

    7 statement: ident ':' _ARRAYTYPE operand ',' _WORDARRAYTYPE • ',' operand _SEPARATOR statement

    ','  shift, and go to state 243


State 228

    8 statement: ident ':' _ARRAYTYPE operand ',' _LONGARRAYTYPE • ',' operand _SEPARATOR statement

    ','  shift, and go to state 244


State 229

    9 statement: ident ':' _ARRAYTYPE operand ',' _DOUBLEARRAYTYPE • ',' operand _SEPARATOR statement

    ','  shift, and go to state 245


State 230

   10 statement: ident ':' _ARRAYTYPE operand ',' _ASCIIARRAYTYPE • ',' operand _SEPARATOR statement

    ','  shift, and go to state 246


State 231

   14 statement: ident ':' _BYTETYPE cconst _SEPARATOR statement •

    $default  reduce using rule 14 (statement)


State 232

   11 statement: ident ':' _WORDTYPE iconst _SEPARATOR statement •

    $default  reduce using rule 11 (statement)


State 233

   12 statement: ident ':' _LONGTYPE iconst _SEPARATOR statement •

    $default  reduce using rule 12 (statement)


State 234

   13 statement: ident ':' _DOUBLETYPE dconst _SEPARATOR statement •

    $default  reduce using rule 13 (statement)


State 235

   15 statement: ident ':' _ASCIITYPE sconst _SEPARATOR statement •

    $default  reduce using rule 15 (statement)


State 236

   34 statement: ident _IS _CALL convfunc ',' iconst • _SEPARATOR statement

    _SEPARATOR  shift, and go to state 247


State 237

   32 statement: ident _IS _CALL rfunc ',' iconst • _SEPARATOR statement

    _SEPARATOR  shift, and go to state 248


State 238

   36 statement: ident _IS _CALL ident ',' iconst • _SEPARATOR statement

    _SEPARATOR  shift, and go to state 249


State 239

   33 statement: tident _IS _CALL convfunc ',' iconst • _SEPARATOR statement

    _SEPARATOR  shift, and go to state 250


State 240

   31 statement: tident _IS _CALL rfunc ',' iconst • _SEPARATOR statement

    _SEPARATOR  shift, and go to state 251


State 241

   35 statement: tident _IS _CALL ident ',' iconst • _SEPARATOR statement

    _SEPARATOR  shift, and go to state 252


State 242

    6 statement: ident ':' _ARRAYTYPE operand ',' _BYTEARRAYTYPE ',' • operand _SEPARATOR statement

    _ID       shift, and go to state 1
    _IDTEMP   shift, and go to state 2
    _DCONST   shift, and go to state 24
    _DCONSTE  shift, and go to state 25
    _ICONST   shift, and go to state 26
    _CCONST   shift, and go to state 27
    _SCONST   shift, and go to state 28

    ident    go to state 70
    tident   go to state 31
    operand  go to state 253


State 243

    7 statement: ident ':' _ARRAYTYPE operand ',' _WORDARRAYTYPE ',' • operand _SEPARATOR statement

    _ID       shift, and go to state 1
    _IDTEMP   shift, and go to state 2
    _DCONST   shift, and go to state 24
    _DCONSTE  shift, and go to state 25
    _ICONST   shift, and go to state 26
    _CCONST   shift, and go to state 27
    _SCONST   shift, and go to state 28

    ident    go to state 70
    tident   go to state 31
    operand  go to state 254


State 244

    8 statement: ident ':' _ARRAYTYPE operand ',' _LONGARRAYTYPE ',' • operand _SEPARATOR statement

    _ID       shift, and go to state 1
    _IDTEMP   shift, and go to state 2
    _DCONST   shift, and go to state 24
    _DCONSTE  shift, and go to state 25
    _ICONST   shift, and go to state 26
    _CCONST   shift, and go to state 27
    _SCONST   shift, and go to state 28

    ident    go to state 70
    tident   go to state 31
    operand  go to state 255


State 245

    9 statement: ident ':' _ARRAYTYPE operand ',' _DOUBLEARRAYTYPE ',' • operand _SEPARATOR statement

    _ID       shift, and go to state 1
    _IDTEMP   shift, and go to state 2
    _DCONST   shift, and go to state 24
    _DCONSTE  shift, and go to state 25
    _ICONST   shift, and go to state 26
    _CCONST   shift, and go to state 27
    _SCONST   shift, and go to state 28

    ident    go to state 70
    tident   go to state 31
    operand  go to state 256


State 246

   10 statement: ident ':' _ARRAYTYPE operand ',' _ASCIIARRAYTYPE ',' • operand _SEPARATOR statement

    _ID       shift, and go to state 1
    _IDTEMP   shift, and go to state 2
    _DCONST   shift, and go to state 24
    _DCONSTE  shift, and go to state 25
    _ICONST   shift, and go to state 26
    _CCONST   shift, and go to state 27
    _SCONST   shift, and go to state 28

    ident    go to state 70
    tident   go to state 31
    operand  go to state 257


State 247

   34 statement: ident _IS _CALL convfunc ',' iconst _SEPARATOR • statement

    _ID         shift, and go to state 1
    _IDTEMP     shift, and go to state 2
    _IFTRUE     shift, and go to state 3
    _IFFALSE    shift, and go to state 4
    _GOTO       shift, and go to state 5
    _PUTPARAM   shift, and go to state 6
    _GETPARAM   shift, and go to state 7
    _CALL       shift, and go to state 8
    _RETURN     shift, and go to state 9
    _SEPARATOR  shift, and go to state 10

    $default  reduce using rule 3 (statement)

    statement     go to state 258
    arrayelement  go to state 14
    ident         go to state 15
    tident        go to state 16


State 248

   32 statement: ident _IS _CALL rfunc ',' iconst _SEPARATOR • statement

    _ID         shift, and go to state 1
    _IDTEMP     shift, and go to state 2
    _IFTRUE     shift, and go to state 3
    _IFFALSE    shift, and go to state 4
    _GOTO       shift, and go to state 5
    _PUTPARAM   shift, and go to state 6
    _GETPARAM   shift, and go to state 7
    _CALL       shift, and go to state 8
    _RETURN     shift, and go to state 9
    _SEPARATOR  shift, and go to state 10

    $default  reduce using rule 3 (statement)

    statement     go to state 259
    arrayelement  go to state 14
    ident         go to state 15
    tident        go to state 16


State 249

   36 statement: ident _IS _CALL ident ',' iconst _SEPARATOR • statement

    _ID         shift, and go to state 1
    _IDTEMP     shift, and go to state 2
    _IFTRUE     shift, and go to state 3
    _IFFALSE    shift, and go to state 4
    _GOTO       shift, and go to state 5
    _PUTPARAM   shift, and go to state 6
    _GETPARAM   shift, and go to state 7
    _CALL       shift, and go to state 8
    _RETURN     shift, and go to state 9
    _SEPARATOR  shift, and go to state 10

    $default  reduce using rule 3 (statement)

    statement     go to state 260
    arrayelement  go to state 14
    ident         go to state 15
    tident        go to state 16


State 250

   33 statement: tident _IS _CALL convfunc ',' iconst _SEPARATOR • statement

    _ID         shift, and go to state 1
    _IDTEMP     shift, and go to state 2
    _IFTRUE     shift, and go to state 3
    _IFFALSE    shift, and go to state 4
    _GOTO       shift, and go to state 5
    _PUTPARAM   shift, and go to state 6
    _GETPARAM   shift, and go to state 7
    _CALL       shift, and go to state 8
    _RETURN     shift, and go to state 9
    _SEPARATOR  shift, and go to state 10

    $default  reduce using rule 3 (statement)

    statement     go to state 261
    arrayelement  go to state 14
    ident         go to state 15
    tident        go to state 16


State 251

   31 statement: tident _IS _CALL rfunc ',' iconst _SEPARATOR • statement

    _ID         shift, and go to state 1
    _IDTEMP     shift, and go to state 2
    _IFTRUE     shift, and go to state 3
    _IFFALSE    shift, and go to state 4
    _GOTO       shift, and go to state 5
    _PUTPARAM   shift, and go to state 6
    _GETPARAM   shift, and go to state 7
    _CALL       shift, and go to state 8
    _RETURN     shift, and go to state 9
    _SEPARATOR  shift, and go to state 10

    $default  reduce using rule 3 (statement)

    statement     go to state 262
    arrayelement  go to state 14
    ident         go to state 15
    tident        go to state 16


State 252

   35 statement: tident _IS _CALL ident ',' iconst _SEPARATOR • statement

    _ID         shift, and go to state 1
    _IDTEMP     shift, and go to state 2
    _IFTRUE     shift, and go to state 3
    _IFFALSE    shift, and go to state 4
    _GOTO       shift, and go to state 5
    _PUTPARAM   shift, and go to state 6
    _GETPARAM   shift, and go to state 7
    _CALL       shift, and go to state 8
    _RETURN     shift, and go to state 9
    _SEPARATOR  shift, and go to state 10

    $default  reduce using rule 3 (statement)

    statement     go to state 263
    arrayelement  go to state 14
    ident         go to state 15
    tident        go to state 16


State 253

    6 statement: ident ':' _ARRAYTYPE operand ',' _BYTEARRAYTYPE ',' operand • _SEPARATOR statement

    _SEPARATOR  shift, and go to state 264


State 254

    7 statement: ident ':' _ARRAYTYPE operand ',' _WORDARRAYTYPE ',' operand • _SEPARATOR statement

    _SEPARATOR  shift, and go to state 265


State 255

    8 statement: ident ':' _ARRAYTYPE operand ',' _LONGARRAYTYPE ',' operand • _SEPARATOR statement

    _SEPARATOR  shift, and go to state 266


State 256

    9 statement: ident ':' _ARRAYTYPE operand ',' _DOUBLEARRAYTYPE ',' operand • _SEPARATOR statement

    _SEPARATOR  shift, and go to state 267


State 257

   10 statement: ident ':' _ARRAYTYPE operand ',' _ASCIIARRAYTYPE ',' operand • _SEPARATOR statement

    _SEPARATOR  shift, and go to state 268


State 258

   34 statement: ident _IS _CALL convfunc ',' iconst _SEPARATOR statement •

    $default  reduce using rule 34 (statement)


State 259

   32 statement: ident _IS _CALL rfunc ',' iconst _SEPARATOR statement •

    $default  reduce using rule 32 (statement)


State 260

   36 statement: ident _IS _CALL ident ',' iconst _SEPARATOR statement •

    $default  reduce using rule 36 (statement)


State 261

   33 statement: tident _IS _CALL convfunc ',' iconst _SEPARATOR statement •

    $default  reduce using rule 33 (statement)


State 262

   31 statement: tident _IS _CALL rfunc ',' iconst _SEPARATOR statement •

    $default  reduce using rule 31 (statement)


State 263

   35 statement: tident _IS _CALL ident ',' iconst _SEPARATOR statement •

    $default  reduce using rule 35 (statement)


State 264

    6 statement: ident ':' _ARRAYTYPE operand ',' _BYTEARRAYTYPE ',' operand _SEPARATOR • statement

    _ID         shift, and go to state 1
    _IDTEMP     shift, and go to state 2
    _IFTRUE     shift, and go to state 3
    _IFFALSE    shift, and go to state 4
    _GOTO       shift, and go to state 5
    _PUTPARAM   shift, and go to state 6
    _GETPARAM   shift, and go to state 7
    _CALL       shift, and go to state 8
    _RETURN     shift, and go to state 9
    _SEPARATOR  shift, and go to state 10

    $default  reduce using rule 3 (statement)

    statement     go to state 269
    arrayelement  go to state 14
    ident         go to state 15
    tident        go to state 16


State 265

    7 statement: ident ':' _ARRAYTYPE operand ',' _WORDARRAYTYPE ',' operand _SEPARATOR • statement

    _ID         shift, and go to state 1
    _IDTEMP     shift, and go to state 2
    _IFTRUE     shift, and go to state 3
    _IFFALSE    shift, and go to state 4
    _GOTO       shift, and go to state 5
    _PUTPARAM   shift, and go to state 6
    _GETPARAM   shift, and go to state 7
    _CALL       shift, and go to state 8
    _RETURN     shift, and go to state 9
    _SEPARATOR  shift, and go to state 10

    $default  reduce using rule 3 (statement)

    statement     go to state 270
    arrayelement  go to state 14
    ident         go to state 15
    tident        go to state 16


State 266

    8 statement: ident ':' _ARRAYTYPE operand ',' _LONGARRAYTYPE ',' operand _SEPARATOR • statement

    _ID         shift, and go to state 1
    _IDTEMP     shift, and go to state 2
    _IFTRUE     shift, and go to state 3
    _IFFALSE    shift, and go to state 4
    _GOTO       shift, and go to state 5
    _PUTPARAM   shift, and go to state 6
    _GETPARAM   shift, and go to state 7
    _CALL       shift, and go to state 8
    _RETURN     shift, and go to state 9
    _SEPARATOR  shift, and go to state 10

    $default  reduce using rule 3 (statement)

    statement     go to state 271
    arrayelement  go to state 14
    ident         go to state 15
    tident        go to state 16


State 267

    9 statement: ident ':' _ARRAYTYPE operand ',' _DOUBLEARRAYTYPE ',' operand _SEPARATOR • statement

    _ID         shift, and go to state 1
    _IDTEMP     shift, and go to state 2
    _IFTRUE     shift, and go to state 3
    _IFFALSE    shift, and go to state 4
    _GOTO       shift, and go to state 5
    _PUTPARAM   shift, and go to state 6
    _GETPARAM   shift, and go to state 7
    _CALL       shift, and go to state 8
    _RETURN     shift, and go to state 9
    _SEPARATOR  shift, and go to state 10

    $default  reduce using rule 3 (statement)

    statement     go to state 272
    arrayelement  go to state 14
    ident         go to state 15
    tident        go to state 16


State 268

   10 statement: ident ':' _ARRAYTYPE operand ',' _ASCIIARRAYTYPE ',' operand _SEPARATOR • statement

    _ID         shift, and go to state 1
    _IDTEMP     shift, and go to state 2
    _IFTRUE     shift, and go to state 3
    _IFFALSE    shift, and go to state 4
    _GOTO       shift, and go to state 5
    _PUTPARAM   shift, and go to state 6
    _GETPARAM   shift, and go to state 7
    _CALL       shift, and go to state 8
    _RETURN     shift, and go to state 9
    _SEPARATOR  shift, and go to state 10

    $default  reduce using rule 3 (statement)

    statement     go to state 273
    arrayelement  go to state 14
    ident         go to state 15
    tident        go to state 16


State 269

    6 statement: ident ':' _ARRAYTYPE operand ',' _BYTEARRAYTYPE ',' operand _SEPARATOR statement •

    $default  reduce using rule 6 (statement)


State 270

    7 statement: ident ':' _ARRAYTYPE operand ',' _WORDARRAYTYPE ',' operand _SEPARATOR statement •

    $default  reduce using rule 7 (statement)


State 271

    8 statement: ident ':' _ARRAYTYPE operand ',' _LONGARRAYTYPE ',' operand _SEPARATOR statement •

    $default  reduce using rule 8 (statement)


State 272

    9 statement: ident ':' _ARRAYTYPE operand ',' _DOUBLEARRAYTYPE ',' operand _SEPARATOR statement •

    $default  reduce using rule 9 (statement)


State 273

   10 statement: ident ':' _ARRAYTYPE operand ',' _ASCIIARRAYTYPE ',' operand _SEPARATOR statement •

    $default  reduce using rule 10 (statement)
