Determining if the strtod_l exist failed with the following output:
Change Dir: /media/victor/264C09FD4C09C90F1/programming/c/tac_parser/output/CMakeFiles/CMakeTmp

Run Build Command(s):/usr/bin/gmake cmTC_5f018/fast && /usr/bin/gmake  -f CMakeFiles/cmTC_5f018.dir/build.make CMakeFiles/cmTC_5f018.dir/build
gmake[1]: Entering directory '/media/victor/264C09FD4C09C90F1/programming/c/tac_parser/output/CMakeFiles/CMakeTmp'
Building C object CMakeFiles/cmTC_5f018.dir/CheckSymbolExists.c.o
/usr/bin/cc    -o CMakeFiles/cmTC_5f018.dir/CheckSymbolExists.c.o -c /media/victor/264C09FD4C09C90F1/programming/c/tac_parser/output/CMakeFiles/CMakeTmp/CheckSymbolExists.c
/media/victor/264C09FD4C09C90F1/programming/c/tac_parser/output/CMakeFiles/CMakeTmp/CheckSymbolExists.c: In function ‘main’:
/media/victor/264C09FD4C09C90F1/programming/c/tac_parser/output/CMakeFiles/CMakeTmp/CheckSymbolExists.c:8:19: error: ‘strtod_l’ undeclared (first use in this function); did you mean ‘strtoull’?
    8 |   return ((int*)(&strtod_l))[argc];
      |                   ^~~~~~~~
      |                   strtoull
/media/victor/264C09FD4C09C90F1/programming/c/tac_parser/output/CMakeFiles/CMakeTmp/CheckSymbolExists.c:8:19: note: each undeclared identifier is reported only once for each function it appears in
gmake[1]: *** [CMakeFiles/cmTC_5f018.dir/build.make:85: CMakeFiles/cmTC_5f018.dir/CheckSymbolExists.c.o] Error 1
gmake[1]: Leaving directory '/media/victor/264C09FD4C09C90F1/programming/c/tac_parser/output/CMakeFiles/CMakeTmp'
gmake: *** [Makefile:140: cmTC_5f018/fast] Error 2


File /media/victor/264C09FD4C09C90F1/programming/c/tac_parser/output/CMakeFiles/CMakeTmp/CheckSymbolExists.c:
/* */
#include <stdlib.h>

int main(int argc, char** argv)
{
  (void)argv;
#ifndef strtod_l
  return ((int*)(&strtod_l))[argc];
#else
  (void)argc;
  return 0;
#endif
}
